<?xml version="1.0" encoding="UTF-8"?>
<!-- Generated by org.testng.reporters.JUnitReportReporter -->
<testsuite skipped="0" hostname="DESKTOP-N1L9IA6" name="testng.Test" tests="1" failures="0" timestamp="22 Jan 2022 06:44:22 GMT" time="0.021" errors="0">
  <testcase name="test" time="0.021" classname="testng.Test"/>
</testsuite> <!-- testng.Test -->
