<?xml version="1.0" encoding="UTF-8"?>
<!-- Generated by org.testng.reporters.JUnitReportReporter -->
<testsuite skipped="0" hostname="DESKTOP-N1L9IA6" name="testng.Testng" tests="1" failures="0" timestamp="22 Jan 2022 07:50:11 GMT" time="0.019" errors="0">
  <testcase name="test" time="0.019" classname="testng.Testng"/>
</testsuite> <!-- testng.Testng -->
